timestamp: 2011-06-12T22:37:46.963906
CREATE TABLE auth_user(
    id INTEGER PRIMARY KEY AUTOINCREMENT,
    first_name CHAR(128),
    last_name CHAR(128),
    email CHAR(128) UNIQUE,
    photo CHAR(512),
    aboutMe TEXT,
    homeTown CHAR(512),
    currentCity CHAR(512),
    languages CHAR(512),
    college_University CHAR(512),
    highSchool CHAR(512),
    employer CHAR(512),
    interestedIn CHAR(512),
    phone INTEGER,
    website CHAR(512),
    birthday DATE,
    password CHAR(512),
    registration_key CHAR(512),
    reset_password_key CHAR(512),
    registration_id CHAR(512)
);
success!
timestamp: 2011-06-12T22:37:47.098249
CREATE TABLE auth_group(
    id INTEGER PRIMARY KEY AUTOINCREMENT,
    role CHAR(512),
    description TEXT
);
success!
timestamp: 2011-06-12T22:37:47.209870
CREATE TABLE auth_membership(
    id INTEGER PRIMARY KEY AUTOINCREMENT,
    user_id INTEGER REFERENCES auth_user(id) ON DELETE CASCADE,
    group_id INTEGER REFERENCES auth_group(id) ON DELETE CASCADE
);
success!
timestamp: 2011-06-12T22:37:47.300271
CREATE TABLE auth_permission(
    id INTEGER PRIMARY KEY AUTOINCREMENT,
    group_id INTEGER REFERENCES auth_group(id) ON DELETE CASCADE,
    name CHAR(512),
    table_name CHAR(512),
    record_id INTEGER
);
success!
timestamp: 2011-06-12T22:37:47.424109
CREATE TABLE auth_event(
    id INTEGER PRIMARY KEY AUTOINCREMENT,
    time_stamp TIMESTAMP,
    client_ip CHAR(512),
    user_id INTEGER REFERENCES auth_user(id) ON DELETE CASCADE,
    origin CHAR(512),
    description TEXT
);
success!
timestamp: 2011-06-12T22:37:47.533594
CREATE TABLE category(
    id INTEGER PRIMARY KEY AUTOINCREMENT,
    title CHAR(512),
    About_this_category TEXT
);
success!
timestamp: 2011-06-12T22:37:47.633415
CREATE TABLE post(
    id INTEGER PRIMARY KEY AUTOINCREMENT,
    title CHAR(512),
    category INTEGER REFERENCES category(id) ON DELETE CASCADE,
    body TEXT,
    dateline TIMESTAMP
);
success!
timestamp: 2011-06-12T22:37:47.750103
CREATE TABLE comment(
    id INTEGER PRIMARY KEY AUTOINCREMENT,
    post INTEGER REFERENCES post(id) ON DELETE CASCADE,
    name CHAR(512),
    email CHAR(512),
    commentbody TEXT,
    dateline TIMESTAMP
);
success!
timestamp: 2011-06-20T13:56:53.625099
CREATE TABLE auth_cas(
    id INTEGER PRIMARY KEY AUTOINCREMENT,
    user_id INTEGER REFERENCES auth_user(id) ON DELETE CASCADE,
    created_on TIMESTAMP,
    url CHAR(512),
    uuid CHAR(512)
);
success!
